<?xml version="1.0" encoding="UTF-8"?>
<testng-results ignored="0" total="1" passed="1" failed="0" skipped="0">
  <reporter-output>
    <line>
      <![CDATA[Application is Launched]]>
    </line>
    <line>
      <![CDATA[Navigated to Register Demo Page]]>
    </line>
    <line>
      <![CDATA[Application is closed]]>
    </line>
  </reporter-output>
  <suite started-at="2021-04-19T21:51:48 IST" name="Suite" finished-at="2021-04-19T21:51:58 IST" duration-ms="10461">
    <groups>
    </groups>
    <test started-at="2021-04-19T21:51:48 IST" name="Test" finished-at="2021-04-19T21:51:58 IST" duration-ms="10461">
      <class name="automationsuite.RegisterDemo">
        <test-method is-config="true" signature="launchBrowser()[pri:0, instance:automationsuite.RegisterDemo@61dd025]" started-at="2021-04-19T21:51:48 IST" name="launchBrowser" finished-at="2021-04-19T21:51:57 IST" duration-ms="8612" status="PASS">
          <reporter-output>
            <line>
              <![CDATA[Application is Launched]]>
            </line>
          </reporter-output>
        </test-method> <!-- launchBrowser -->
        <test-method signature="navigateToRegisterDemo()[pri:1, instance:automationsuite.RegisterDemo@61dd025]" started-at="2021-04-19T21:51:57 IST" name="navigateToRegisterDemo" finished-at="2021-04-19T21:51:58 IST" duration-ms="1703" status="PASS">
          <reporter-output>
            <line>
              <![CDATA[Navigated to Register Demo Page]]>
            </line>
          </reporter-output>
        </test-method> <!-- navigateToRegisterDemo -->
        <test-method is-config="true" signature="closeApplication()[pri:0, instance:automationsuite.RegisterDemo@61dd025]" started-at="2021-04-19T21:51:58 IST" name="closeApplication" finished-at="2021-04-19T21:51:58 IST" duration-ms="116" status="PASS">
          <reporter-output>
            <line>
              <![CDATA[Application is closed]]>
            </line>
          </reporter-output>
        </test-method> <!-- closeApplication -->
      </class> <!-- automationsuite.RegisterDemo -->
    </test> <!-- Test -->
  </suite> <!-- Suite -->
</testng-results>
