<?xml version="1.0" encoding="UTF-8"?>
<!-- Generated by org.testng.reporters.JUnitXMLReporter -->
<testsuite ignored="0" hostname="DESKTOP-QMSQO3B" failures="0" tests="8" name="Test" time="129.237" errors="0" timestamp="2021-04-20T11:52:38 IST">
  <testcase classname="com.nxtgenai.automationsuite.RegisterDemo" name="navigateToRegisterDemo" time="3.024"/>
  <testcase classname="com.nxtgenai.automationsuite.RegisterDemo" name="registerDemo" time="21.817"/>
  <testcase classname="com.nxtgenai.automationsuite.RegisterDemo" name="validateSuccessfulMsg" time="1.041"/>
  <testcase classname="com.nxtgenai.automationsuite.HandlingPopUpAlert" name="handlingpopup" time="18.672"/>
  <testcase classname="com.nxtgenai.automationsuite.HandlingFramesName" name="handlingFrames" time="9.403"/>
  <testcase classname="com.nxtgenai.automationsuite.HandlingMultipleBrowser" name="handlingMutipleBrowser" time="22.643"/>
  <testcase classname="com.nxtgenai.automationsuite.HandlingMultipleTabs" name="handlingMutipleTabs" time="27.054"/>
  <testcase classname="com.nxtgenai.automationsuite.HandlingDynamicWebTable" name="browserCommands" time="13.735"/>
</testsuite> <!-- Test -->
